2023-04-02 23:40:07.541620 - Initialized conversion of CBT349
2023-04-02 23:40:07.754571 - Received CBT.V504.FILE349.PDS from FILE349.XMI 
2023-04-02 23:40:07.757450 - Found $$$#DATE.txt (text/plain) in CBT.V504.FILE349.PDS, moved to PDS/$$$#DATE
2023-04-02 23:40:07.758744 - Found $$$DOC.txt (text/plain) in CBT.V504.FILE349.PDS, moved to PDS/$$$DOC
2023-04-02 23:40:07.759753 - Found $$$INST.txt (text/plain) in CBT.V504.FILE349.PDS, moved to PDS/$$$INST
2023-04-02 23:40:07.760987 - Found @FILE349.txt (text/plain) in CBT.V504.FILE349.PDS, moved to PDS/@FILE349
2023-04-02 23:40:07.762287 - Found ISPCMDE.rexx (text/plain) in CBT.V504.FILE349.PDS, moved to PDS/ISPCMDE
2023-04-02 23:40:07.763530 - Found ISPCMDE@.txt (text/plain) in CBT.V504.FILE349.PDS, moved to PDS/ISPCMDE@
2023-04-02 23:40:07.764647 - Found ISPCMDED.txt (text/plain) in CBT.V504.FILE349.PDS, moved to PDS/ISPCMDED
2023-04-02 23:40:07.765920 - Found ISPCMDEL.txt (text/plain) in CBT.V504.FILE349.PDS, moved to PDS/ISPCMDEL
2023-04-02 23:40:07.766987 - Found ISPCMDL.rexx (text/plain) in CBT.V504.FILE349.PDS, moved to PDS/ISPCMDL
2023-04-02 23:40:07.767982 - Found ISPCMDL@.txt (text/plain) in CBT.V504.FILE349.PDS, moved to PDS/ISPCMDL@
2023-04-02 23:40:07.769252 - Found ISPCMDU.rexx (text/plain) in CBT.V504.FILE349.PDS, moved to PDS/ISPCMDU
2023-04-02 23:40:07.770285 - Found ISPCMDU@.txt (text/plain) in CBT.V504.FILE349.PDS, moved to PDS/ISPCMDU@
2023-04-02 23:40:07.771267 - Found ISPCTE.rexx (text/plain) in CBT.V504.FILE349.PDS, moved to PDS/ISPCTE
2023-04-02 23:40:07.772520 - Found ISPCTE@.txt (text/plain) in CBT.V504.FILE349.PDS, moved to PDS/ISPCTE@
2023-04-02 23:40:07.773519 - Found ISPCTED.txt (text/plain) in CBT.V504.FILE349.PDS, moved to PDS/ISPCTED
2023-04-02 23:40:07.774440 - Found ISPCTEL.txt (text/plain) in CBT.V504.FILE349.PDS, moved to PDS/ISPCTEL
2023-04-02 23:40:07.775730 - Found ISPCTEP.txt (text/plain) in CBT.V504.FILE349.PDS, moved to PDS/ISPCTEP
2023-04-02 23:40:07.776897 - Found ISPCTL.rexx (text/plain) in CBT.V504.FILE349.PDS, moved to PDS/ISPCTL
2023-04-02 23:40:07.777986 - Found ISPCTL#1.txt (text/plain) in CBT.V504.FILE349.PDS, moved to PDS/ISPCTL#1
2023-04-02 23:40:07.779027 - Found ISPCTL#2.txt (text/plain) in CBT.V504.FILE349.PDS, moved to PDS/ISPCTL#2
2023-04-02 23:40:07.780412 - Found ISPCTL#3.txt (text/plain) in CBT.V504.FILE349.PDS, moved to PDS/ISPCTL#3
2023-04-02 23:40:07.781677 - Found ISPCTL@.txt (text/plain) in CBT.V504.FILE349.PDS, moved to PDS/ISPCTL@
2023-04-02 23:40:07.782733 - Found XISPTBD1.rexx (text/plain) in CBT.V504.FILE349.PDS, moved to PDS/XISPTBD1
2023-04-02 23:40:07.783830 - Found XISPTBD2.rexx (text/plain) in CBT.V504.FILE349.PDS, moved to PDS/XISPTBD2
2023-04-02 23:40:07.784979 - Found XISPTBL.rexx (text/plain) in CBT.V504.FILE349.PDS, moved to PDS/XISPTBL
2023-04-02 23:40:07.785950 - Found XISPTBL@.txt (text/plain) in CBT.V504.FILE349.PDS, moved to PDS/XISPTBL@
2023-04-02 23:40:07.786939 - Found XISPTBLD.txt (text/plain) in CBT.V504.FILE349.PDS, moved to PDS/XISPTBLD
2023-04-02 23:40:07.788015 - Found XISPTBLL.txt (text/plain) in CBT.V504.FILE349.PDS, moved to PDS/XISPTBLL
